<?xml version="1.0" encoding="UTF-8"?>
<!-- Generated by org.testng.reporters.JUnitXMLReporter -->
<testsuite ignored="0" hostname="DESKTOP-1L1HD6G" failures="0" tests="5" name="Default test" time="14.109" errors="0" timestamp="2024-03-11T10:22:18 IST">
  <testcase classname="Testcases.Login" name="loginwithemptyfields" time="0.67"/>
  <testcase classname="Testcases.Login" name="loginwithinvalidemailid" time="0.633"/>
  <testcase classname="Testcases.Login" name="loginwithvalidcredentials" time="0.683"/>
  <testcase classname="Testcases.Login" name="loginwithvalidcredentials" time="0.73"/>
  <testcase classname="Testcases.Login" name="loginwithvalidcredentials" time="0.669"/>
</testsuite> <!-- Default test -->
