<?xml version="1.0" encoding="UTF-8"?>
<!-- Generated by org.testng.reporters.JUnitXMLReporter -->
<testsuite ignored="0" hostname="DESKTOP-1L1HD6G" failures="0" tests="6" name="Test" time="16.19" errors="0" timestamp="2024-02-29T13:14:56 IST">
  <testcase classname="Testcases.Register" name="Registerwithmandatoryfields" time="1.02"/>
  <testcase classname="Testcases.Register" name="registerwithallmethods" time="0.921"/>
  <testcase classname="Testcases.Search" name="Searchwithemptyfields" time="0.467"/>
  <testcase classname="Testcases.Search" name="Searchwithvalidproduct" time="0.405"/>
  <testcase classname="Testcases.Login" name="loginwithemptyfields" time="0.528"/>
  <testcase classname="Testcases.Login" name="loginwithvalidcredentials" time="0.656"/>
</testsuite> <!-- Test -->
