<?xml version="1.0" encoding="UTF-8"?>
<testng-results ignored="0" total="5" passed="5" failed="0" skipped="0">
  <reporter-output>
  </reporter-output>
  <suite started-at="2024-03-11T10:22:04 IST" name="Default suite" finished-at="2024-03-11T10:22:18 IST" duration-ms="14109">
    <groups>
    </groups>
    <test started-at="2024-03-11T10:22:04 IST" name="Default test" finished-at="2024-03-11T10:22:18 IST" duration-ms="14109">
      <class name="Testcases.Login">
        <test-method is-config="true" signature="setup()[pri:0, instance:Testcases.Login@436813f3]" started-at="2024-03-11T10:22:04 IST" name="setup" finished-at="2024-03-11T10:22:06 IST" duration-ms="2301" status="PASS">
          <reporter-output>
          </reporter-output>
        </test-method> <!-- setup -->
        <test-method signature="loginwithemptyfields()[pri:0, instance:Testcases.Login@436813f3]" started-at="2024-03-11T10:22:06 IST" name="loginwithemptyfields" finished-at="2024-03-11T10:22:07 IST" duration-ms="670" status="PASS">
          <reporter-output>
          </reporter-output>
        </test-method> <!-- loginwithemptyfields -->
        <test-method is-config="true" signature="shutdown()[pri:0, instance:Testcases.Login@436813f3]" started-at="2024-03-11T10:22:07 IST" name="shutdown" finished-at="2024-03-11T10:22:07 IST" duration-ms="160" status="PASS">
          <reporter-output>
          </reporter-output>
        </test-method> <!-- shutdown -->
        <test-method is-config="true" signature="setup()[pri:0, instance:Testcases.Login@436813f3]" started-at="2024-03-11T10:22:07 IST" name="setup" finished-at="2024-03-11T10:22:08 IST" duration-ms="1769" status="PASS">
          <reporter-output>
          </reporter-output>
        </test-method> <!-- setup -->
        <test-method signature="loginwithinvalidemailid()[pri:0, instance:Testcases.Login@436813f3]" started-at="2024-03-11T10:22:09 IST" name="loginwithinvalidemailid" finished-at="2024-03-11T10:22:09 IST" duration-ms="633" status="PASS">
          <reporter-output>
          </reporter-output>
        </test-method> <!-- loginwithinvalidemailid -->
        <test-method is-config="true" signature="shutdown()[pri:0, instance:Testcases.Login@436813f3]" started-at="2024-03-11T10:22:09 IST" name="shutdown" finished-at="2024-03-11T10:22:09 IST" duration-ms="127" status="PASS">
          <reporter-output>
          </reporter-output>
        </test-method> <!-- shutdown -->
        <test-method is-config="true" signature="setup()[pri:0, instance:Testcases.Login@436813f3]" started-at="2024-03-11T10:22:10 IST" name="setup" finished-at="2024-03-11T10:22:11 IST" duration-ms="1773" status="PASS">
          <reporter-output>
          </reporter-output>
        </test-method> <!-- setup -->
        <test-method signature="loginwithvalidcredentials(java.lang.String,java.lang.String)[pri:0, instance:Testcases.Login@436813f3]" started-at="2024-03-11T10:22:11 IST" name="loginwithvalidcredentials" data-provider="supplytestdata" finished-at="2024-03-11T10:22:12 IST" duration-ms="683" status="PASS">
          <params>
            <param index="0">
              <value>
                <![CDATA[vinodkumar55.marolix@gmail.com]]>
              </value>
            </param>
            <param index="1">
              <value>
                <![CDATA[developer@55]]>
              </value>
            </param>
          </params>
          <reporter-output>
          </reporter-output>
        </test-method> <!-- loginwithvalidcredentials -->
        <test-method is-config="true" signature="shutdown()[pri:0, instance:Testcases.Login@436813f3]" started-at="2024-03-11T10:22:12 IST" name="shutdown" finished-at="2024-03-11T10:22:12 IST" duration-ms="129" status="PASS">
          <reporter-output>
          </reporter-output>
        </test-method> <!-- shutdown -->
        <test-method is-config="true" signature="setup()[pri:0, instance:Testcases.Login@436813f3]" started-at="2024-03-11T10:22:12 IST" name="setup" finished-at="2024-03-11T10:22:14 IST" duration-ms="1918" status="PASS">
          <reporter-output>
          </reporter-output>
        </test-method> <!-- setup -->
        <test-method signature="loginwithvalidcredentials(java.lang.String,java.lang.String)[pri:0, instance:Testcases.Login@436813f3]" started-at="2024-03-11T10:22:14 IST" name="loginwithvalidcredentials" data-provider="supplytestdata" finished-at="2024-03-11T10:22:15 IST" duration-ms="730" status="PASS">
          <params>
            <param index="0">
              <value>
                <![CDATA[vinodkumar55.marolix@gmail.com]]>
              </value>
            </param>
            <param index="1">
              <value>
                <![CDATA[developer@55]]>
              </value>
            </param>
          </params>
          <reporter-output>
          </reporter-output>
        </test-method> <!-- loginwithvalidcredentials -->
        <test-method is-config="true" signature="shutdown()[pri:0, instance:Testcases.Login@436813f3]" started-at="2024-03-11T10:22:15 IST" name="shutdown" finished-at="2024-03-11T10:22:15 IST" duration-ms="138" status="PASS">
          <reporter-output>
          </reporter-output>
        </test-method> <!-- shutdown -->
        <test-method is-config="true" signature="setup()[pri:0, instance:Testcases.Login@436813f3]" started-at="2024-03-11T10:22:15 IST" name="setup" finished-at="2024-03-11T10:22:17 IST" duration-ms="1820" status="PASS">
          <reporter-output>
          </reporter-output>
        </test-method> <!-- setup -->
        <test-method signature="loginwithvalidcredentials(java.lang.String,java.lang.String)[pri:0, instance:Testcases.Login@436813f3]" started-at="2024-03-11T10:22:17 IST" name="loginwithvalidcredentials" data-provider="supplytestdata" finished-at="2024-03-11T10:22:18 IST" duration-ms="669" status="PASS">
          <params>
            <param index="0">
              <value>
                <![CDATA[vinodkumar55.marolix@gmail.com]]>
              </value>
            </param>
            <param index="1">
              <value>
                <![CDATA[developer@55]]>
              </value>
            </param>
          </params>
          <reporter-output>
          </reporter-output>
        </test-method> <!-- loginwithvalidcredentials -->
        <test-method is-config="true" signature="shutdown()[pri:0, instance:Testcases.Login@436813f3]" started-at="2024-03-11T10:22:18 IST" name="shutdown" finished-at="2024-03-11T10:22:18 IST" duration-ms="137" status="PASS">
          <reporter-output>
          </reporter-output>
        </test-method> <!-- shutdown -->
      </class> <!-- Testcases.Login -->
    </test> <!-- Default test -->
  </suite> <!-- Default suite -->
</testng-results>
